2024-11-16 00:39:44,199 - INFO - Connecting to 149.154.167.51:443/TcpFull...
2024-11-16 00:39:46,501 - INFO - Connection to 149.154.167.51:443/TcpFull complete!
2024-11-16 00:39:47,814 - INFO - Phone migrated to 4
2024-11-16 00:39:48,090 - INFO - Reconnecting to new data center 4
2024-11-16 00:39:48,447 - INFO - Disconnecting from 149.154.167.51:443/TcpFull...
2024-11-16 00:39:48,452 - INFO - Disconnection from 149.154.167.51:443/TcpFull complete!
2024-11-16 00:39:48,454 - INFO - Connecting to 149.154.167.92:443/TcpFull...
2024-11-16 00:39:50,698 - INFO - Connection to 149.154.167.92:443/TcpFull complete!
2024-11-16 00:40:35,485 - INFO - Client started successfully.
2024-11-16 00:40:36,536 - INFO - Starting direct file download in chunks of 131072 at 0, stride 131072
2024-11-16 00:40:37,457 - INFO - Downloaded media for message ID 13361.
2024-11-16 00:40:37,467 - INFO - Processed message ID 13361 from @lobelia4cosmetics.
2024-11-16 00:40:37,473 - INFO - Starting direct file download in chunks of 131072 at 0, stride 131072
2024-11-16 00:40:38,023 - INFO - Downloaded media for message ID 13360.
2024-11-16 00:40:38,024 - INFO - Processed message ID 13360 from @lobelia4cosmetics.
2024-11-16 00:40:38,031 - INFO - Starting direct file download in chunks of 131072 at 0, stride 131072
2024-11-16 00:40:39,345 - INFO - Downloaded media for message ID 13359.
2024-11-16 00:40:39,346 - INFO - Processed message ID 13359 from @lobelia4cosmetics.
2024-11-16 00:40:39,408 - INFO - Starting direct file download in chunks of 131072 at 0, stride 131072
2024-11-16 00:40:40,479 - INFO - Downloaded media for message ID 13358.
2024-11-16 00:40:40,480 - INFO - Processed message ID 13358 from @lobelia4cosmetics.
2024-11-16 00:40:40,782 - INFO - Starting direct file download in chunks of 131072 at 0, stride 131072
2024-11-16 00:40:41,477 - INFO - Downloaded media for message ID 13357.
2024-11-16 00:40:41,546 - INFO - Processed message ID 13357 from @lobelia4cosmetics.
2024-11-16 00:40:42,831 - INFO - Starting direct file download in chunks of 131072 at 0, stride 131072
2024-11-16 00:40:43,706 - INFO - Downloaded media for message ID 13356.
2024-11-16 00:40:43,706 - INFO - Processed message ID 13356 from @lobelia4cosmetics.
2024-11-16 00:40:43,722 - INFO - Starting direct file download in chunks of 131072 at 0, stride 131072
2024-11-16 00:40:44,472 - INFO - Downloaded media for message ID 13355.
2024-11-16 00:40:44,497 - INFO - Processed message ID 13355 from @lobelia4cosmetics.
2024-11-16 00:40:44,516 - INFO - Starting direct file download in chunks of 131072 at 0, stride 131072
2024-11-16 00:40:44,870 - INFO - Downloaded media for message ID 13354.
2024-11-16 00:40:44,872 - INFO - Processed message ID 13354 from @lobelia4cosmetics.
2024-11-16 00:40:44,880 - INFO - Starting direct file download in chunks of 131072 at 0, stride 131072
2024-11-16 00:40:45,187 - INFO - Downloaded media for message ID 13353.
2024-11-16 00:40:45,187 - INFO - Processed message ID 13353 from @lobelia4cosmetics.
2024-11-16 00:40:45,201 - INFO - Starting direct file download in chunks of 131072 at 0, stride 131072
2024-11-16 00:40:45,480 - INFO - Downloaded media for message ID 13352.
2024-11-16 00:40:45,481 - INFO - Processed message ID 13352 from @lobelia4cosmetics.
2024-11-16 00:40:45,482 - INFO - Scraped data from @lobelia4cosmetics.
